=== pytest ===
................................................................... [  9%]
............................................ [ 16%]
................................................................ [ 26%]
............................................................ [ 34%]
........................................................................ [ 45%]
........................................................ [ 54%]
........................................................................ [ 64%]
..................................................................... [ 75%]
.............................................................. [ 84%]
.......................... [ 88%]
..................................................... [ 95%]
...........................                                         [100%]
672 passed, 152 subtests passed in 5.77s
pytest_exit:0

=== selftest ===
selftest: 29 passed, 0 failed
selftest_exit:0

=== example-proposal ===
PASS
example_exit:0

=== skeleton diff ===
(empty means no diff)
skeleton_exit:0
